<?xml version="1.0" encoding="UTF-8"?>
<testsuite name="chapter_01.ScoreCollectionTest" tests="1" skipped="0" failures="0" errors="0" timestamp="2021-03-11T16:21:21" hostname="DESKTOP-AUS38G0" time="0.055">
  <properties/>
  <testcase name="answerArithmeticMeanOfTwoNumbers()" classname="chapter_01.ScoreCollectionTest" time="0.055"/>
  <system-out><![CDATA[]]></system-out>
  <system-err><![CDATA[]]></system-err>
</testsuite>
